<?xml version="1.0" encoding="UTF-8"?>
<!-- Generated by org.testng.reporters.JUnitXMLReporter -->
<testsuite ignored="0" hostname="DESKTOP-AP4JK8A" failures="0" tests="4" name="Default test" time="71.734" errors="0" timestamp="2024-01-28T22:54:40 IST">
  <testcase classname="com.seleniumpracticeforms.testCases.TC_PracticeFormsDDT_002" name="PracticeFormsDDT" time="35.458"/>
  <testcase classname="com.seleniumpracticeforms.testCases.TC_PracticeFormsDDT_002" name="PracticeFormsDDT" time="4.472"/>
  <testcase classname="com.seleniumpracticeforms.testCases.TC_PracticeFormsDDT_002" name="PracticeFormsDDT" time="12.954"/>
  <testcase classname="com.seleniumpracticeforms.testCases.TC_PracticeFormsDDT_002" name="PracticeFormsDDT" time="10.569"/>
</testsuite> <!-- Default test -->
