<?xml version="1.0" encoding="UTF-8"?>
<testng-results ignored="0" total="5" passed="4" failed="1" skipped="0">
  <reporter-output>
  </reporter-output>
  <suite started-at="2024-01-28T23:25:15 IST" name="demoblaze" finished-at="2024-01-28T23:26:55 IST" duration-ms="100530">
    <groups>
    </groups>
    <test started-at="2024-01-28T23:25:15 IST" name="seleniumpracticeforms Test" finished-at="2024-01-28T23:26:55 IST" duration-ms="100530">
      <class name="com.seleniumpracticeforms.testCases.TC_PracticeForms_001">
        <test-method is-config="true" signature="setup()[pri:0, instance:com.seleniumpracticeforms.testCases.TC_PracticeForms_001@123f1134]" started-at="2024-01-28T23:25:15 IST" name="setup" finished-at="2024-01-28T23:25:21 IST" duration-ms="5394" status="PASS">
          <reporter-output>
          </reporter-output>
        </test-method> <!-- setup -->
        <test-method signature="PracticeForms()[pri:0, instance:com.seleniumpracticeforms.testCases.TC_PracticeForms_001@123f1134]" started-at="2024-01-28T23:25:21 IST" name="PracticeForms" finished-at="2024-01-28T23:25:57 IST" duration-ms="36341" status="PASS">
          <reporter-output>
          </reporter-output>
        </test-method> <!-- PracticeForms -->
        <test-method is-config="true" signature="teardown()[pri:0, instance:com.seleniumpracticeforms.testCases.TC_PracticeForms_001@123f1134]" started-at="2024-01-28T23:25:57 IST" name="teardown" finished-at="2024-01-28T23:25:58 IST" duration-ms="603" status="PASS">
          <reporter-output>
          </reporter-output>
        </test-method> <!-- teardown -->
      </class> <!-- com.seleniumpracticeforms.testCases.TC_PracticeForms_001 -->
      <class name="com.seleniumpracticeforms.testCases.TC_PracticeFormsDDT_002">
        <test-method is-config="true" signature="setup()[pri:0, instance:com.seleniumpracticeforms.testCases.TC_PracticeFormsDDT_002@20d3d15a]" started-at="2024-01-28T23:25:58 IST" name="setup" finished-at="2024-01-28T23:26:00 IST" duration-ms="2779" status="PASS">
          <reporter-output>
          </reporter-output>
        </test-method> <!-- setup -->
        <test-method signature="PracticeFormsDDT(java.lang.String,java.lang.String,java.lang.String)[pri:0, instance:com.seleniumpracticeforms.testCases.TC_PracticeFormsDDT_002@20d3d15a]" started-at="2024-01-28T23:26:02 IST" name="PracticeFormsDDT" data-provider="CredentailsSupplier" finished-at="2024-01-28T23:26:36 IST" duration-ms="34575" status="PASS">
          <params>
            <param index="0">
              <value>
                <![CDATA[admin]]>
              </value>
            </param>
            <param index="1">
              <value>
                <![CDATA[admin]]>
              </value>
            </param>
            <param index="2">
              <value>
                <![CDATA[28/01/2024]]>
              </value>
            </param>
          </params>
          <reporter-output>
          </reporter-output>
        </test-method> <!-- PracticeFormsDDT -->
        <test-method signature="PracticeFormsDDT(java.lang.String,java.lang.String,java.lang.String)[pri:0, instance:com.seleniumpracticeforms.testCases.TC_PracticeFormsDDT_002@20d3d15a]" started-at="2024-01-28T23:26:36 IST" name="PracticeFormsDDT" data-provider="CredentailsSupplier" finished-at="2024-01-28T23:26:44 IST" duration-ms="8167" status="PASS">
          <params>
            <param index="0">
              <value>
                <![CDATA[admin]]>
              </value>
            </param>
            <param index="1">
              <value>
                <![CDATA[admin123]]>
              </value>
            </param>
            <param index="2">
              <value>
                <![CDATA[28/01/2025]]>
              </value>
            </param>
          </params>
          <reporter-output>
          </reporter-output>
        </test-method> <!-- PracticeFormsDDT -->
        <test-method signature="PracticeFormsDDT(java.lang.String,java.lang.String,java.lang.String)[pri:0, instance:com.seleniumpracticeforms.testCases.TC_PracticeFormsDDT_002@20d3d15a]" started-at="2024-01-28T23:26:44 IST" name="PracticeFormsDDT" data-provider="CredentailsSupplier" finished-at="2024-01-28T23:26:51 IST" duration-ms="6443" status="PASS">
          <params>
            <param index="0">
              <value>
                <![CDATA[admin]]>
              </value>
            </param>
            <param index="1">
              <value>
                <![CDATA[admin]]>
              </value>
            </param>
            <param index="2">
              <value>
                <![CDATA[28/01/2026]]>
              </value>
            </param>
          </params>
          <reporter-output>
          </reporter-output>
        </test-method> <!-- PracticeFormsDDT -->
        <test-method signature="PracticeFormsDDT(java.lang.String,java.lang.String,java.lang.String)[pri:0, instance:com.seleniumpracticeforms.testCases.TC_PracticeFormsDDT_002@20d3d15a]" started-at="2024-01-28T23:26:51 IST" name="PracticeFormsDDT" data-provider="CredentailsSupplier" finished-at="2024-01-28T23:26:55 IST" duration-ms="4290" status="FAIL">
          <params>
            <param index="0">
              <value>
                <![CDATA[admin]]>
              </value>
            </param>
            <param index="1">
              <value>
                <![CDATA[admin123]]>
              </value>
            </param>
            <param index="2">
              <value>
                <![CDATA[28/01/2027]]>
              </value>
            </param>
          </params>
          <exception class="org.openqa.selenium.ElementClickInterceptedException">
            <message>
              <![CDATA[element click intercepted: Element <input id="exp-5" name="exp" style="font-size:14px;margin-left:0;margin-right:0;margin-top:0;padding:0;vertical-align:baseline" type="radio" value="6"> is not clickable at point (576, 527). Other element would receive the click: <iframe frameborder="0" src="https://e3715d5c2428a9fe47c4fe9619f95ec2.safeframe.googlesyndication.com/safeframe/1-0-40/html/container.html" id="google_ads_iframe_/1254144,22662382379/techlistic_com-medrectangle-2_0" title="3rd party ad content" name="" scrolling="no" marginwidth="0" marginheight="0" width="728" height="90" data-is-safeframe="true" sandbox="allow-forms allow-popups allow-popups-to-escape-sandbox allow-same-origin allow-scripts allow-top-navigation-by-user-activation" aria-label="Advertisement" tabindex="0" data-google-container-id="1" style="border: 0px; vertical-align: bottom;" data-load-complete="true"></iframe>
  (Session info: chrome=121.0.6167.85)
Build info: version: '4.1.2', revision: '9a5a329c5a'
System info: host: 'DESKTOP-AP4JK8A', ip: '192.168.1.7', os.name: 'Windows 10', os.arch: 'amd64', os.version: '10.0', java.version: '21.0.1'
Driver info: org.openqa.selenium.chrome.ChromeDriver
Command: [1fba507d3707c825b88ce0b8fa585283, clickElement {id=6D9066237E15982B6DDEB06E85BF2896_element_407}]
Capabilities {acceptInsecureCerts: false, browserName: chrome, browserVersion: 121.0.6167.85, chrome: {chromedriverVersion: 120.0.6099.109 (3419140ab66..., userDataDir: C:\Users\DELL\AppData\Local...}, fedcm:accounts: true, goog:chromeOptions: {debuggerAddress: localhost:3254}, javascriptEnabled: true, networkConnectionEnabled: false, pageLoadStrategy: normal, platform: WINDOWS, platformName: WINDOWS, proxy: Proxy(), se:cdp: ws://localhost:3254/devtool..., se:cdpVersion: 121.0.6167.85, setWindowRect: true, strictFileInteractability: false, timeouts: {implicit: 0, pageLoad: 300000, script: 30000}, unhandledPromptBehavior: dismiss and notify, webauthn:extension:credBlob: true, webauthn:extension:largeBlob: true, webauthn:extension:minPinLength: true, webauthn:extension:prf: true, webauthn:virtualAuthenticators: true}
Element: [[ChromeDriver: chrome on WINDOWS (1fba507d3707c825b88ce0b8fa585283)] -> id: exp-5]
Session ID: 1fba507d3707c825b88ce0b8fa585283]]>
            </message>
            <full-stacktrace>
              <![CDATA[org.openqa.selenium.ElementClickInterceptedException: element click intercepted: Element <input id="exp-5" name="exp" style="font-size:14px;margin-left:0;margin-right:0;margin-top:0;padding:0;vertical-align:baseline" type="radio" value="6"> is not clickable at point (576, 527). Other element would receive the click: <iframe frameborder="0" src="https://e3715d5c2428a9fe47c4fe9619f95ec2.safeframe.googlesyndication.com/safeframe/1-0-40/html/container.html" id="google_ads_iframe_/1254144,22662382379/techlistic_com-medrectangle-2_0" title="3rd party ad content" name="" scrolling="no" marginwidth="0" marginheight="0" width="728" height="90" data-is-safeframe="true" sandbox="allow-forms allow-popups allow-popups-to-escape-sandbox allow-same-origin allow-scripts allow-top-navigation-by-user-activation" aria-label="Advertisement" tabindex="0" data-google-container-id="1" style="border: 0px; vertical-align: bottom;" data-load-complete="true"></iframe>
  (Session info: chrome=121.0.6167.85)
Build info: version: '4.1.2', revision: '9a5a329c5a'
System info: host: 'DESKTOP-AP4JK8A', ip: '192.168.1.7', os.name: 'Windows 10', os.arch: 'amd64', os.version: '10.0', java.version: '21.0.1'
Driver info: org.openqa.selenium.chrome.ChromeDriver
Command: [1fba507d3707c825b88ce0b8fa585283, clickElement {id=6D9066237E15982B6DDEB06E85BF2896_element_407}]
Capabilities {acceptInsecureCerts: false, browserName: chrome, browserVersion: 121.0.6167.85, chrome: {chromedriverVersion: 120.0.6099.109 (3419140ab66..., userDataDir: C:\Users\DELL\AppData\Local...}, fedcm:accounts: true, goog:chromeOptions: {debuggerAddress: localhost:3254}, javascriptEnabled: true, networkConnectionEnabled: false, pageLoadStrategy: normal, platform: WINDOWS, platformName: WINDOWS, proxy: Proxy(), se:cdp: ws://localhost:3254/devtool..., se:cdpVersion: 121.0.6167.85, setWindowRect: true, strictFileInteractability: false, timeouts: {implicit: 0, pageLoad: 300000, script: 30000}, unhandledPromptBehavior: dismiss and notify, webauthn:extension:credBlob: true, webauthn:extension:largeBlob: true, webauthn:extension:minPinLength: true, webauthn:extension:prf: true, webauthn:virtualAuthenticators: true}
Element: [[ChromeDriver: chrome on WINDOWS (1fba507d3707c825b88ce0b8fa585283)] -> id: exp-5]
Session ID: 1fba507d3707c825b88ce0b8fa585283
at java.base/jdk.internal.reflect.DirectConstructorHandleAccessor.newInstance(DirectConstructorHandleAccessor.java:62)
at java.base/java.lang.reflect.Constructor.newInstanceWithCaller(Constructor.java:502)
at java.base/java.lang.reflect.Constructor.newInstance(Constructor.java:486)
at org.openqa.selenium.remote.codec.w3c.W3CHttpResponseCodec.createException(W3CHttpResponseCodec.java:200)
at org.openqa.selenium.remote.codec.w3c.W3CHttpResponseCodec.decode(W3CHttpResponseCodec.java:133)
at org.openqa.selenium.remote.codec.w3c.W3CHttpResponseCodec.decode(W3CHttpResponseCodec.java:53)
at org.openqa.selenium.remote.HttpCommandExecutor.execute(HttpCommandExecutor.java:184)
at org.openqa.selenium.remote.service.DriverCommandExecutor.invokeExecute(DriverCommandExecutor.java:167)
at org.openqa.selenium.remote.service.DriverCommandExecutor.execute(DriverCommandExecutor.java:142)
at org.openqa.selenium.remote.RemoteWebDriver.execute(RemoteWebDriver.java:558)
at org.openqa.selenium.remote.RemoteWebElement.execute(RemoteWebElement.java:251)
at org.openqa.selenium.remote.RemoteWebElement.click(RemoteWebElement.java:77)
at java.base/jdk.internal.reflect.DirectMethodHandleAccessor.invoke(DirectMethodHandleAccessor.java:103)
at java.base/java.lang.reflect.Method.invoke(Method.java:580)
at org.openqa.selenium.support.pagefactory.internal.LocatingElementHandler.invoke(LocatingElementHandler.java:52)
at jdk.proxy2/jdk.proxy2.$Proxy18.click(Unknown Source)
at com.seleniumpracticeforms.pageObjects.PracticeForms.ClkYOE(PracticeForms.java:50)
at com.seleniumpracticeforms.testCases.TC_PracticeFormsDDT_002.PracticeFormsDDT(TC_PracticeFormsDDT_002.java:34)
at java.base/jdk.internal.reflect.DirectMethodHandleAccessor.invoke(DirectMethodHandleAccessor.java:103)
at java.base/java.lang.reflect.Method.invoke(Method.java:580)
at org.testng.internal.MethodInvocationHelper.invokeMethod(MethodInvocationHelper.java:133)
at org.testng.internal.TestInvoker.invokeMethod(TestInvoker.java:598)
at org.testng.internal.TestInvoker.invokeTestMethod(TestInvoker.java:173)
at org.testng.internal.MethodRunner.runInSequence(MethodRunner.java:46)
at org.testng.internal.TestInvoker$MethodInvocationAgent.invoke(TestInvoker.java:824)
at org.testng.internal.TestInvoker.invokeTestMethods(TestInvoker.java:146)
at org.testng.internal.TestMethodWorker.invokeTestMethods(TestMethodWorker.java:146)
at org.testng.internal.TestMethodWorker.run(TestMethodWorker.java:128)
at java.base/java.util.ArrayList.forEach(ArrayList.java:1596)
at org.testng.TestRunner.privateRun(TestRunner.java:794)
at org.testng.TestRunner.run(TestRunner.java:596)
at org.testng.SuiteRunner.runTest(SuiteRunner.java:377)
at org.testng.SuiteRunner.runSequentially(SuiteRunner.java:371)
at org.testng.SuiteRunner.privateRun(SuiteRunner.java:332)
at org.testng.SuiteRunner.run(SuiteRunner.java:276)
at org.testng.SuiteRunnerWorker.runSuite(SuiteRunnerWorker.java:53)
at org.testng.SuiteRunnerWorker.run(SuiteRunnerWorker.java:96)
at org.testng.TestNG.runSuitesSequentially(TestNG.java:1212)
at org.testng.TestNG.runSuitesLocally(TestNG.java:1134)
at org.testng.TestNG.runSuites(TestNG.java:1063)
at org.testng.TestNG.run(TestNG.java:1031)
at org.apache.maven.surefire.testng.TestNGExecutor.run(TestNGExecutor.java:295)
at org.apache.maven.surefire.testng.TestNGXmlTestSuite.execute(TestNGXmlTestSuite.java:84)
at org.apache.maven.surefire.testng.TestNGProvider.invoke(TestNGProvider.java:90)
at org.apache.maven.surefire.booter.ForkedBooter.invokeProviderInSameClassLoader(ForkedBooter.java:203)
at org.apache.maven.surefire.booter.ForkedBooter.runSuitesInProcess(ForkedBooter.java:155)
at org.apache.maven.surefire.booter.ForkedBooter.main(ForkedBooter.java:103)
]]>
            </full-stacktrace>
          </exception> <!-- org.openqa.selenium.ElementClickInterceptedException -->
          <reporter-output>
          </reporter-output>
        </test-method> <!-- PracticeFormsDDT -->
        <test-method is-config="true" signature="teardown()[pri:0, instance:com.seleniumpracticeforms.testCases.TC_PracticeFormsDDT_002@20d3d15a]" started-at="2024-01-28T23:26:55 IST" name="teardown" finished-at="2024-01-28T23:26:55 IST" duration-ms="234" status="PASS">
          <reporter-output>
          </reporter-output>
        </test-method> <!-- teardown -->
      </class> <!-- com.seleniumpracticeforms.testCases.TC_PracticeFormsDDT_002 -->
    </test> <!-- seleniumpracticeforms Test -->
  </suite> <!-- demoblaze -->
</testng-results>
