<?xml version="1.0" encoding="UTF-8"?>
<testsuite name="TestSuite" time="70.958" tests="5" errors="0" skipped="0" failures="1">
  <properties>
[...]
</properties>
  <testcase name="PracticeForms" classname="com.seleniumpracticeforms.testCases.TC_PracticeForms_001" time="36.38"/>
  <testcase name="PracticeFormsDDT" classname="com.seleniumpracticeforms.testCases.TC_PracticeFormsDDT_002" time="34.578"/>
  <testcase name="PracticeFormsDDT" classname="com.seleniumpracticeforms.testCases.TC_PracticeFormsDDT_002" time="8.167"/>
  <testcase name="PracticeFormsDDT" classname="com.seleniumpracticeforms.testCases.TC_PracticeFormsDDT_002" time="6.446"/>
  <testcase name="PracticeFormsDDT" classname="com.seleniumpracticeforms.testCases.TC_PracticeFormsDDT_002" time="4.318">
    <failure message="element click intercepted: Element &lt;input id=&quot;exp-5&quot; name=&quot;exp&quot; style=&quot;font-size:14px;margin-left:0;margin-right:0;margin-top:0;padding:0;vertical-align:baseline&quot; type=&quot;radio&quot; value=&quot;6&quot;&gt; is not clickable at point (576, 527). Other element would receive the click: &lt;iframe frameborder=&quot;0&quot; src=&quot;https://e3715d5c2428a9fe47c4fe9619f95ec2.safeframe.googlesyndication.com/safeframe/1-0-40/html/container.html&quot; id=&quot;google_ads_iframe_/1254144,22662382379/techlistic_com-medrectangle-2_0&quot; title=&quot;3rd party ad content&quot; name=&quot;&quot; scrolling=&quot;no&quot; marginwidth=&quot;0&quot; marginheight=&quot;0&quot; width=&quot;728&quot; height=&quot;90&quot; data-is-safeframe=&quot;true&quot; sandbox=&quot;allow-forms allow-popups allow-popups-to-escape-sandbox allow-same-origin allow-scripts allow-top-navigation-by-user-activation&quot; aria-label=&quot;Advertisement&quot; tabindex=&quot;0&quot; data-google-container-id=&quot;1&quot; style=&quot;border: 0px; vertical-align: bottom;&quot; data-load-complete=&quot;true&quot;&gt;&lt;/iframe&gt;&#10;  (Session info: chrome=121.0.6167.85)&#10;Build info: version: &apos;4.1.2&apos;, revision: &apos;9a5a329c5a&apos;&#10;System info: host: &apos;DESKTOP-AP4JK8A&apos;, ip: &apos;192.168.1.7&apos;, os.name: &apos;Windows 10&apos;, os.arch: &apos;amd64&apos;, os.version: &apos;10.0&apos;, java.version: &apos;21.0.1&apos;&#10;Driver info: org.openqa.selenium.chrome.ChromeDriver&#10;Command: [1fba507d3707c825b88ce0b8fa585283, clickElement {id=6D9066237E15982B6DDEB06E85BF2896_element_407}]&#10;Capabilities {acceptInsecureCerts: false, browserName: chrome, browserVersion: 121.0.6167.85, chrome: {chromedriverVersion: 120.0.6099.109 (3419140ab66..., userDataDir: C:\Users\DELL\AppData\Local...}, fedcm:accounts: true, goog:chromeOptions: {debuggerAddress: localhost:3254}, javascriptEnabled: true, networkConnectionEnabled: false, pageLoadStrategy: normal, platform: WINDOWS, platformName: WINDOWS, proxy: Proxy(), se:cdp: ws://localhost:3254/devtool..., se:cdpVersion: 121.0.6167.85, setWindowRect: true, strictFileInteractability: false, timeouts: {implicit: 0, pageLoad: 300000, script: 30000}, unhandledPromptBehavior: dismiss and notify, webauthn:extension:credBlob: true, webauthn:extension:largeBlob: true, webauthn:extension:minPinLength: true, webauthn:extension:prf: true, webauthn:virtualAuthenticators: true}&#10;Element: [[ChromeDriver: chrome on WINDOWS (1fba507d3707c825b88ce0b8fa585283)] -&gt; id: exp-5]&#10;Session ID: 1fba507d3707c825b88ce0b8fa585283" type="org.openqa.selenium.ElementClickInterceptedException"><![CDATA[org.openqa.selenium.ElementClickInterceptedException: element click intercepted: Element <input id="exp-5" name="exp" style="font-size:14px;margin-left:0;margin-right:0;margin-top:0;padding:0;vertical-align:baseline" type="radio" value="6"> is not clickable at point (576, 527). Other element would receive the click: <iframe frameborder="0" src="https://e3715d5c2428a9fe47c4fe9619f95ec2.safeframe.googlesyndication.com/safeframe/1-0-40/html/container.html" id="google_ads_iframe_/1254144,22662382379/techlistic_com-medrectangle-2_0" title="3rd party ad content" name="" scrolling="no" marginwidth="0" marginheight="0" width="728" height="90" data-is-safeframe="true" sandbox="allow-forms allow-popups allow-popups-to-escape-sandbox allow-same-origin allow-scripts allow-top-navigation-by-user-activation" aria-label="Advertisement" tabindex="0" data-google-container-id="1" style="border: 0px; vertical-align: bottom;" data-load-complete="true"></iframe>
  (Session info: chrome=121.0.6167.85)
Build info: version: '4.1.2', revision: '9a5a329c5a'
System info: host: 'DESKTOP-AP4JK8A', ip: '192.168.1.7', os.name: 'Windows 10', os.arch: 'amd64', os.version: '10.0', java.version: '21.0.1'
Driver info: org.openqa.selenium.chrome.ChromeDriver
Command: [1fba507d3707c825b88ce0b8fa585283, clickElement {id=6D9066237E15982B6DDEB06E85BF2896_element_407}]
Capabilities {acceptInsecureCerts: false, browserName: chrome, browserVersion: 121.0.6167.85, chrome: {chromedriverVersion: 120.0.6099.109 (3419140ab66..., userDataDir: C:\Users\DELL\AppData\Local...}, fedcm:accounts: true, goog:chromeOptions: {debuggerAddress: localhost:3254}, javascriptEnabled: true, networkConnectionEnabled: false, pageLoadStrategy: normal, platform: WINDOWS, platformName: WINDOWS, proxy: Proxy(), se:cdp: ws://localhost:3254/devtool..., se:cdpVersion: 121.0.6167.85, setWindowRect: true, strictFileInteractability: false, timeouts: {implicit: 0, pageLoad: 300000, script: 30000}, unhandledPromptBehavior: dismiss and notify, webauthn:extension:credBlob: true, webauthn:extension:largeBlob: true, webauthn:extension:minPinLength: true, webauthn:extension:prf: true, webauthn:virtualAuthenticators: true}
Element: [[ChromeDriver: chrome on WINDOWS (1fba507d3707c825b88ce0b8fa585283)] -> id: exp-5]
Session ID: 1fba507d3707c825b88ce0b8fa585283
	at java.base/jdk.internal.reflect.DirectConstructorHandleAccessor.newInstance(DirectConstructorHandleAccessor.java:62)
	at java.base/java.lang.reflect.Constructor.newInstanceWithCaller(Constructor.java:502)
	at java.base/java.lang.reflect.Constructor.newInstance(Constructor.java:486)
	at org.openqa.selenium.remote.codec.w3c.W3CHttpResponseCodec.createException(W3CHttpResponseCodec.java:200)
	at org.openqa.selenium.remote.codec.w3c.W3CHttpResponseCodec.decode(W3CHttpResponseCodec.java:133)
	at org.openqa.selenium.remote.codec.w3c.W3CHttpResponseCodec.decode(W3CHttpResponseCodec.java:53)
	at org.openqa.selenium.remote.HttpCommandExecutor.execute(HttpCommandExecutor.java:184)
	at org.openqa.selenium.remote.service.DriverCommandExecutor.invokeExecute(DriverCommandExecutor.java:167)
	at org.openqa.selenium.remote.service.DriverCommandExecutor.execute(DriverCommandExecutor.java:142)
	at org.openqa.selenium.remote.RemoteWebDriver.execute(RemoteWebDriver.java:558)
	at org.openqa.selenium.remote.RemoteWebElement.execute(RemoteWebElement.java:251)
	at org.openqa.selenium.remote.RemoteWebElement.click(RemoteWebElement.java:77)
	at java.base/jdk.internal.reflect.DirectMethodHandleAccessor.invoke(DirectMethodHandleAccessor.java:103)
	at java.base/java.lang.reflect.Method.invoke(Method.java:580)
	at org.openqa.selenium.support.pagefactory.internal.LocatingElementHandler.invoke(LocatingElementHandler.java:52)
	at jdk.proxy2/jdk.proxy2.$Proxy18.click(Unknown Source)
	at com.seleniumpracticeforms.pageObjects.PracticeForms.ClkYOE(PracticeForms.java:50)
	at com.seleniumpracticeforms.testCases.TC_PracticeFormsDDT_002.PracticeFormsDDT(TC_PracticeFormsDDT_002.java:34)
]]></failure>
    <system-out><![CDATA[ INFO [main] (TC_PracticeFormsDDT_002.java:24)- Browser is Opened
 INFO [main] (TC_PracticeFormsDDT_002.java:26)- Browser is Maximized
 INFO [main] (TC_PracticeFormsDDT_002.java:29)- First Name is Entered
 INFO [main] (TC_PracticeFormsDDT_002.java:31)- Last Name is Entered
 INFO [main] (TC_PracticeFormsDDT_002.java:33)- Gender is Selected
]]></system-out>
  </testcase>
</testsuite>