<?xml version="1.0" encoding="UTF-8"?>
<testng-results ignored="0" total="5" passed="5" failed="0" skipped="0">
  <reporter-output>
  </reporter-output>
  <suite started-at="2024-01-28T23:01:46 IST" name="demoblaze" finished-at="2024-01-28T23:03:31 IST" duration-ms="105219">
    <groups>
    </groups>
    <test started-at="2024-01-28T23:01:46 IST" name="seleniumpracticeforms Test" finished-at="2024-01-28T23:03:31 IST" duration-ms="105219">
      <class name="com.seleniumpracticeforms.testCases.TC_PracticeForms_001">
        <test-method is-config="true" signature="setup()[pri:0, instance:com.seleniumpracticeforms.testCases.TC_PracticeForms_001@6340e5f0]" started-at="2024-01-28T23:01:47 IST" name="setup" finished-at="2024-01-28T23:01:54 IST" duration-ms="7588" status="PASS">
          <reporter-output>
          </reporter-output>
        </test-method> <!-- setup -->
        <test-method signature="PracticeForms()[pri:0, instance:com.seleniumpracticeforms.testCases.TC_PracticeForms_001@6340e5f0]" started-at="2024-01-28T23:01:54 IST" name="PracticeForms" finished-at="2024-01-28T23:02:37 IST" duration-ms="43019" status="PASS">
          <reporter-output>
          </reporter-output>
        </test-method> <!-- PracticeForms -->
        <test-method is-config="true" signature="teardown()[pri:0, instance:com.seleniumpracticeforms.testCases.TC_PracticeForms_001@6340e5f0]" started-at="2024-01-28T23:02:38 IST" name="teardown" finished-at="2024-01-28T23:02:38 IST" duration-ms="549" status="PASS">
          <reporter-output>
          </reporter-output>
        </test-method> <!-- teardown -->
      </class> <!-- com.seleniumpracticeforms.testCases.TC_PracticeForms_001 -->
      <class name="com.seleniumpracticeforms.testCases.TC_PracticeFormsDDT_002">
        <test-method is-config="true" signature="setup()[pri:0, instance:com.seleniumpracticeforms.testCases.TC_PracticeFormsDDT_002@1e6a3214]" started-at="2024-01-28T23:02:38 IST" name="setup" finished-at="2024-01-28T23:02:40 IST" duration-ms="1435" status="PASS">
          <reporter-output>
          </reporter-output>
        </test-method> <!-- setup -->
        <test-method signature="PracticeFormsDDT(java.lang.String,java.lang.String,java.lang.String)[pri:0, instance:com.seleniumpracticeforms.testCases.TC_PracticeFormsDDT_002@1e6a3214]" started-at="2024-01-28T23:02:41 IST" name="PracticeFormsDDT" data-provider="CredentailsSupplier" finished-at="2024-01-28T23:03:17 IST" duration-ms="36800" status="PASS">
          <params>
            <param index="0">
              <value>
                <![CDATA[admin]]>
              </value>
            </param>
            <param index="1">
              <value>
                <![CDATA[admin]]>
              </value>
            </param>
            <param index="2">
              <value>
                <![CDATA[28/01/2024]]>
              </value>
            </param>
          </params>
          <reporter-output>
          </reporter-output>
        </test-method> <!-- PracticeFormsDDT -->
        <test-method signature="PracticeFormsDDT(java.lang.String,java.lang.String,java.lang.String)[pri:0, instance:com.seleniumpracticeforms.testCases.TC_PracticeFormsDDT_002@1e6a3214]" started-at="2024-01-28T23:03:17 IST" name="PracticeFormsDDT" data-provider="CredentailsSupplier" finished-at="2024-01-28T23:03:22 IST" duration-ms="4971" status="PASS">
          <params>
            <param index="0">
              <value>
                <![CDATA[admin]]>
              </value>
            </param>
            <param index="1">
              <value>
                <![CDATA[admin123]]>
              </value>
            </param>
            <param index="2">
              <value>
                <![CDATA[28/01/2025]]>
              </value>
            </param>
          </params>
          <reporter-output>
          </reporter-output>
        </test-method> <!-- PracticeFormsDDT -->
        <test-method signature="PracticeFormsDDT(java.lang.String,java.lang.String,java.lang.String)[pri:0, instance:com.seleniumpracticeforms.testCases.TC_PracticeFormsDDT_002@1e6a3214]" started-at="2024-01-28T23:03:22 IST" name="PracticeFormsDDT" data-provider="CredentailsSupplier" finished-at="2024-01-28T23:03:27 IST" duration-ms="4206" status="PASS">
          <params>
            <param index="0">
              <value>
                <![CDATA[admin]]>
              </value>
            </param>
            <param index="1">
              <value>
                <![CDATA[admin]]>
              </value>
            </param>
            <param index="2">
              <value>
                <![CDATA[28/01/2026]]>
              </value>
            </param>
          </params>
          <reporter-output>
          </reporter-output>
        </test-method> <!-- PracticeFormsDDT -->
        <test-method signature="PracticeFormsDDT(java.lang.String,java.lang.String,java.lang.String)[pri:0, instance:com.seleniumpracticeforms.testCases.TC_PracticeFormsDDT_002@1e6a3214]" started-at="2024-01-28T23:03:27 IST" name="PracticeFormsDDT" data-provider="CredentailsSupplier" finished-at="2024-01-28T23:03:31 IST" duration-ms="4229" status="PASS">
          <params>
            <param index="0">
              <value>
                <![CDATA[admin]]>
              </value>
            </param>
            <param index="1">
              <value>
                <![CDATA[admin123]]>
              </value>
            </param>
            <param index="2">
              <value>
                <![CDATA[28/01/2027]]>
              </value>
            </param>
          </params>
          <reporter-output>
          </reporter-output>
        </test-method> <!-- PracticeFormsDDT -->
        <test-method is-config="true" signature="teardown()[pri:0, instance:com.seleniumpracticeforms.testCases.TC_PracticeFormsDDT_002@1e6a3214]" started-at="2024-01-28T23:03:31 IST" name="teardown" finished-at="2024-01-28T23:03:31 IST" duration-ms="287" status="PASS">
          <reporter-output>
          </reporter-output>
        </test-method> <!-- teardown -->
      </class> <!-- com.seleniumpracticeforms.testCases.TC_PracticeFormsDDT_002 -->
    </test> <!-- seleniumpracticeforms Test -->
  </suite> <!-- demoblaze -->
</testng-results>
