<?xml version="1.0" encoding="UTF-8"?>
<!-- Generated by org.testng.reporters.JUnitXMLReporter -->
<testsuite ignored="0" hostname="DESKTOP-AP4JK8A" failures="1" tests="5" name="seleniumpracticeforms Test" time="100.53" errors="0" timestamp="2024-01-28T23:26:55 IST">
  <testcase classname="com.seleniumpracticeforms.testCases.TC_PracticeForms_001" name="PracticeForms" time="36.341"/>
  <testcase classname="com.seleniumpracticeforms.testCases.TC_PracticeFormsDDT_002" name="PracticeFormsDDT" time="34.575"/>
  <testcase classname="com.seleniumpracticeforms.testCases.TC_PracticeFormsDDT_002" name="PracticeFormsDDT" time="8.167"/>
  <testcase classname="com.seleniumpracticeforms.testCases.TC_PracticeFormsDDT_002" name="PracticeFormsDDT" time="6.443"/>
  <testcase classname="com.seleniumpracticeforms.testCases.TC_PracticeFormsDDT_002" name="PracticeFormsDDT" time="4.29">
    <failure type="org.openqa.selenium.ElementClickInterceptedException" message="element click intercepted: Element &amp;lt;input id=&amp;quot;exp-5&amp;quot; name=&amp;quot;exp&amp;quot; style=&amp;quot;font-size:14px;margin-left:0;margin-right:0;margin-top:0;padding:0;vertical-align:baseline&amp;quot; type=&amp;quot;radio&amp;quot; value=&amp;quot;6&amp;quot;&amp;gt; is not clickable at point (576, 527). Other element would receive the click: &amp;lt;iframe frameborder=&amp;quot;0&amp;quot; src=&amp;quot;https://e3715d5c2428a9fe47c4fe9619f95ec2.safeframe.googlesyndication.com/safeframe/1-0-40/html/container.html&amp;quot; id=&amp;quot;google_ads_iframe_/1254144,22662382379/techlistic_com-medrectangle-2_0&amp;quot; title=&amp;quot;3rd party ad content&amp;quot; name=&amp;quot;&amp;quot; scrolling=&amp;quot;no&amp;quot; marginwidth=&amp;quot;0&amp;quot; marginheight=&amp;quot;0&amp;quot; width=&amp;quot;728&amp;quot; height=&amp;quot;90&amp;quot; data-is-safeframe=&amp;quot;true&amp;quot; sandbox=&amp;quot;allow-forms allow-popups allow-popups-to-escape-sandbox allow-same-origin allow-scripts allow-top-navigation-by-user-activation&amp;quot; aria-label=&amp;quot;Advertisement&amp;quot; tabindex=&amp;quot;0&amp;quot; data-google-container-id=&amp;quot;1&amp;quot; style=&amp;quot;border: 0px; vertical-align: bottom;&amp;quot; data-load-complete=&amp;quot;true&amp;quot;&amp;gt;&amp;lt;/iframe&amp;gt;
  (Session info: chrome=121.0.6167.85)
Build info: version: &amp;apos;4.1.2&amp;apos;, revision: &amp;apos;9a5a329c5a&amp;apos;
System info: host: &amp;apos;DESKTOP-AP4JK8A&amp;apos;, ip: &amp;apos;192.168.1.7&amp;apos;, os.name: &amp;apos;Windows 10&amp;apos;, os.arch: &amp;apos;amd64&amp;apos;, os.version: &amp;apos;10.0&amp;apos;, java.version: &amp;apos;21.0.1&amp;apos;
Driver info: org.openqa.selenium.chrome.ChromeDriver
Command: [1fba507d3707c825b88ce0b8fa585283, clickElement {id=6D9066237E15982B6DDEB06E85BF2896_element_407}]
Capabilities {acceptInsecureCerts: false, browserName: chrome, browserVersion: 121.0.6167.85, chrome: {chromedriverVersion: 120.0.6099.109 (3419140ab66..., userDataDir: C:\Users\DELL\AppData\Local...}, fedcm:accounts: true, goog:chromeOptions: {debuggerAddress: localhost:3254}, javascriptEnabled: true, networkConnectionEnabled: false, pageLoadStrategy: normal, platform: WINDOWS, platformName: WINDOWS, proxy: Proxy(), se:cdp: ws://localhost:3254/devtool..., se:cdpVersion: 121.0.6167.85, setWindowRect: true, strictFileInteractability: false, timeouts: {implicit: 0, pageLoad: 300000, script: 30000}, unhandledPromptBehavior: dismiss and notify, webauthn:extension:credBlob: true, webauthn:extension:largeBlob: true, webauthn:extension:minPinLength: true, webauthn:extension:prf: true, webauthn:virtualAuthenticators: true}
Element: [[ChromeDriver: chrome on WINDOWS (1fba507d3707c825b88ce0b8fa585283)] -&amp;gt; id: exp-5]
Session ID: 1fba507d3707c825b88ce0b8fa585283">
      <![CDATA[org.openqa.selenium.ElementClickInterceptedException: element click intercepted: Element <input id="exp-5" name="exp" style="font-size:14px;margin-left:0;margin-right:0;margin-top:0;padding:0;vertical-align:baseline" type="radio" value="6"> is not clickable at point (576, 527). Other element would receive the click: <iframe frameborder="0" src="https://e3715d5c2428a9fe47c4fe9619f95ec2.safeframe.googlesyndication.com/safeframe/1-0-40/html/container.html" id="google_ads_iframe_/1254144,22662382379/techlistic_com-medrectangle-2_0" title="3rd party ad content" name="" scrolling="no" marginwidth="0" marginheight="0" width="728" height="90" data-is-safeframe="true" sandbox="allow-forms allow-popups allow-popups-to-escape-sandbox allow-same-origin allow-scripts allow-top-navigation-by-user-activation" aria-label="Advertisement" tabindex="0" data-google-container-id="1" style="border: 0px; vertical-align: bottom;" data-load-complete="true"></iframe>
  (Session info: chrome=121.0.6167.85)
Build info: version: '4.1.2', revision: '9a5a329c5a'
System info: host: 'DESKTOP-AP4JK8A', ip: '192.168.1.7', os.name: 'Windows 10', os.arch: 'amd64', os.version: '10.0', java.version: '21.0.1'
Driver info: org.openqa.selenium.chrome.ChromeDriver
Command: [1fba507d3707c825b88ce0b8fa585283, clickElement {id=6D9066237E15982B6DDEB06E85BF2896_element_407}]
Capabilities {acceptInsecureCerts: false, browserName: chrome, browserVersion: 121.0.6167.85, chrome: {chromedriverVersion: 120.0.6099.109 (3419140ab66..., userDataDir: C:\Users\DELL\AppData\Local...}, fedcm:accounts: true, goog:chromeOptions: {debuggerAddress: localhost:3254}, javascriptEnabled: true, networkConnectionEnabled: false, pageLoadStrategy: normal, platform: WINDOWS, platformName: WINDOWS, proxy: Proxy(), se:cdp: ws://localhost:3254/devtool..., se:cdpVersion: 121.0.6167.85, setWindowRect: true, strictFileInteractability: false, timeouts: {implicit: 0, pageLoad: 300000, script: 30000}, unhandledPromptBehavior: dismiss and notify, webauthn:extension:credBlob: true, webauthn:extension:largeBlob: true, webauthn:extension:minPinLength: true, webauthn:extension:prf: true, webauthn:virtualAuthenticators: true}
Element: [[ChromeDriver: chrome on WINDOWS (1fba507d3707c825b88ce0b8fa585283)] -> id: exp-5]
Session ID: 1fba507d3707c825b88ce0b8fa585283
at org.openqa.selenium.remote.codec.w3c.W3CHttpResponseCodec.createException(W3CHttpResponseCodec.java:200)
at org.openqa.selenium.remote.codec.w3c.W3CHttpResponseCodec.decode(W3CHttpResponseCodec.java:133)
at org.openqa.selenium.remote.codec.w3c.W3CHttpResponseCodec.decode(W3CHttpResponseCodec.java:53)
at org.openqa.selenium.remote.HttpCommandExecutor.execute(HttpCommandExecutor.java:184)
at org.openqa.selenium.remote.service.DriverCommandExecutor.invokeExecute(DriverCommandExecutor.java:167)
at org.openqa.selenium.remote.service.DriverCommandExecutor.execute(DriverCommandExecutor.java:142)
at org.openqa.selenium.remote.RemoteWebDriver.execute(RemoteWebDriver.java:558)
at org.openqa.selenium.remote.RemoteWebElement.execute(RemoteWebElement.java:251)
at org.openqa.selenium.remote.RemoteWebElement.click(RemoteWebElement.java:77)
at org.openqa.selenium.support.pagefactory.internal.LocatingElementHandler.invoke(LocatingElementHandler.java:52)
at jdk.proxy2/jdk.proxy2.$Proxy18.click(Unknown Source)
at com.seleniumpracticeforms.pageObjects.PracticeForms.ClkYOE(PracticeForms.java:50)
at com.seleniumpracticeforms.testCases.TC_PracticeFormsDDT_002.PracticeFormsDDT(TC_PracticeFormsDDT_002.java:34)
at java.base/java.util.ArrayList.forEach(ArrayList.java:1596)
... Removed 33 stack frames]]>
    </failure>
  </testcase> <!-- PracticeFormsDDT -->
</testsuite> <!-- seleniumpracticeforms Test -->
