<?xml version="1.0" encoding="UTF-8"?>
<!-- Generated by org.testng.reporters.JUnitXMLReporter -->
<testsuite ignored="0" hostname="DESKTOP-AP4JK8A" failures="0" tests="5" name="seleniumpracticeforms Test" time="105.219" errors="0" timestamp="2024-01-28T23:03:31 IST">
  <testcase classname="com.seleniumpracticeforms.testCases.TC_PracticeForms_001" name="PracticeForms" time="43.019"/>
  <testcase classname="com.seleniumpracticeforms.testCases.TC_PracticeFormsDDT_002" name="PracticeFormsDDT" time="36.8"/>
  <testcase classname="com.seleniumpracticeforms.testCases.TC_PracticeFormsDDT_002" name="PracticeFormsDDT" time="4.971"/>
  <testcase classname="com.seleniumpracticeforms.testCases.TC_PracticeFormsDDT_002" name="PracticeFormsDDT" time="4.206"/>
  <testcase classname="com.seleniumpracticeforms.testCases.TC_PracticeFormsDDT_002" name="PracticeFormsDDT" time="4.229"/>
</testsuite> <!-- seleniumpracticeforms Test -->
